Extrinsic calibration, 15 nov, session unique session, camera[pid:1][sid:1](left):
	 tvec: [0.337785 1.628325 -1.533301],
	 rvec: [0.068462 0.047764 -0.008177]
	With errors: [[-0.405762085042106, -0.4091164243930763, -0.4098914263402449, -0.40757042291884105], [0.23779811437639609, 0.19457816150070784, 0.1845924253748592, 0.21449806341606603], [0.1447201019058788, 0.23016767513911596, 0.24990987433484335, 0.19078523336256126], [-0.09550012315268397, -0.09943450697169709, -0.10034352505294208, -0.09762116534225651], [-0.029089450899995484, -0.03594115638718165, -0.03752420584592642, -0.03278323297041652]]
	 Recorded at 12:22PM on May 06, 2019

Extrinsic calibration, 15 nov, session unique session, camera[pid:3][sid:2](center):
	 tvec: [-0.016044 1.683271 -1.544031],
	 rvec: [0.094642 0.026530 -0.008007]
	With errors: [[-0.405762085042106, -0.4091164243930763, -0.4098914263402449, -0.40757042291884105], [0.23779811437639609, 0.19457816150070784, 0.1845924253748592, 0.21449806341606603], [0.1447201019058788, 0.23016767513911596, 0.24990987433484335, 0.19078523336256126], [-0.09550012315268397, -0.09943450697169709, -0.10034352505294208, -0.09762116534225651], [-0.029089450899995484, -0.03594115638718165, -0.03752420584592642, -0.03278323297041652]]
	 Recorded at 12:25PM on May 06, 2019

Extrinsic calibration, 15 nov, session unique session, camera[pid:2][sid:3](right):
	 tvec: [-0.089807 1.568935 -1.629659],
	 rvec: [0.037882 -0.204117 0.007799]
	With errors: [[-0.405762085042106, -0.4091164243930763, -0.4098914263402449, -0.40757042291884105], [0.23779811437639609, 0.19457816150070784, 0.1845924253748592, 0.21449806341606603], [0.1447201019058788, 0.23016767513911596, 0.24990987433484335, 0.19078523336256126], [-0.09550012315268397, -0.09943450697169709, -0.10034352505294208, -0.09762116534225651], [-0.029089450899995484, -0.03594115638718165, -0.03752420584592642, -0.03278323297041652]]
	 Recorded at 12:27PM on May 06, 2019

Extrinsic calibration, 18 nov, session morning session, camera[pid:2][sid:3](left):
	 tvec: [0.512086 1.680435 -1.382859],
	 rvec: [0.041108 0.012046 -0.030049]
	With errors: [[0.5364140178245194, 0.5149645592112719, 0.5100087779226996, 0.524850528151191], [0.1643804385583536, 0.13288472399368345, 0.12560780965641527, 0.14740097177133293], [-0.3204027810358241, -0.2748431253593253, -0.26431681356807246, -0.29584138685639516], [-1.36426445476323, -1.3123568117000701, -1.300363831790193, -1.3362808349735502], [-0.005663676999517975, -0.00045862875620272803, 0.0007439694610944514, -0.002857614492491223], [-1.4251635884443203, -1.5892785838355508, -1.6271964650277368, -1.513638644559478]]
	 Recorded at 12:31PM on May 06, 2019

Extrinsic calibration, 18 nov, session morning session, camera[pid:1][sid:1](center):
	 tvec: [0.150397 1.734962 -1.316380],
	 rvec: [0.057368 0.001690 -0.043740]
	With errors: [[0.5364140178245194, 0.5149645592112719, 0.5100087779226996, 0.524850528151191], [0.1643804385583536, 0.13288472399368345, 0.12560780965641527, 0.14740097177133293], [-0.3204027810358241, -0.2748431253593253, -0.26431681356807246, -0.29584138685639516], [-1.36426445476323, -1.3123568117000701, -1.300363831790193, -1.3362808349735502], [-0.005663676999517975, -0.00045862875620272803, 0.0007439694610944514, -0.002857614492491223], [-1.4251635884443203, -1.5892785838355508, -1.6271964650277368, -1.513638644559478]]
	 Recorded at 12:33PM on May 06, 2019

Extrinsic calibration, 18 nov, session morning session, camera[pid:3][sid:2](right):
	 tvec: [-0.307635 1.748931 -1.412093],
	 rvec: [0.080814 0.002527 -0.012503]
	With errors: [[0.5364140178245194, 0.5149645592112719, 0.5100087779226996, 0.524850528151191], [0.1643804385583536, 0.13288472399368345, 0.12560780965641527, 0.14740097177133293], [-0.3204027810358241, -0.2748431253593253, -0.26431681356807246, -0.29584138685639516], [-1.36426445476323, -1.3123568117000701, -1.300363831790193, -1.3362808349735502], [-0.005663676999517975, -0.00045862875620272803, 0.0007439694610944514, -0.002857614492491223], [-1.4251635884443203, -1.5892785838355508, -1.6271964650277368, -1.513638644559478]]
	 Recorded at 12:35PM on May 06, 2019

Extrinsic calibration, 18 nov, session evening session, camera[pid:2][sid:1](left):
	 tvec: [0.352975 1.507760 -1.615276],
	 rvec: [0.023425 0.022230 0.004538]
	With errors: [[-2.214639515227944, -2.3808463610730826, -2.4192475529876987, -2.304242296362034], [1.0788920431641316, 1.0412514281068752, 1.0325547677782794, 1.058599835730817], [-0.846519225214891, -0.7954136087265908, -0.7836059327147638, -0.8189679811873845], [0.3503621396600778, 0.27089152573667263, 0.25253027063116207, 0.30751921108054603], [-0.7250902506045875, -0.7209707403050487, -0.7200189497527134, -0.7228694059825003], [-0.5320496487417756, -0.5109943879655532, -0.5061296839530769, -0.5206986727127116], [-0.5969842536747478, -0.5766819360167474, -0.5719911954354373, -0.5860391923183883]]
	 Recorded at 12:38PM on May 06, 2019

Extrinsic calibration, 18 nov, session evening session, camera[pid:1][sid:3](center):
	 tvec: [0.041180 1.542144 -1.572463],
	 rvec: [0.044088 0.006917 -0.053290]
	With errors: [[-2.214639515227944, -2.3808463610730826, -2.4192475529876987, -2.304242296362034], [1.0788920431641316, 1.0412514281068752, 1.0325547677782794, 1.058599835730817], [-0.846519225214891, -0.7954136087265908, -0.7836059327147638, -0.8189679811873845], [0.3503621396600778, 0.27089152573667263, 0.25253027063116207, 0.30751921108054603], [-0.7250902506045875, -0.7209707403050487, -0.7200189497527134, -0.7228694059825003], [-0.5320496487417756, -0.5109943879655532, -0.5061296839530769, -0.5206986727127116], [-0.5969842536747478, -0.5766819360167474, -0.5719911954354373, -0.5860391923183883]]
	 Recorded at 12:39PM on May 06, 2019

Extrinsic calibration, 18 nov, session evening session, camera[pid:3][sid:2](right):
	 tvec: [-0.405428 1.537669 -1.637326],
	 rvec: [0.059925 0.015006 -0.012451]
	With errors: [[-2.214639515227944, -2.3808463610730826, -2.4192475529876987, -2.304242296362034], [1.0788920431641316, 1.0412514281068752, 1.0325547677782794, 1.058599835730817], [-0.846519225214891, -0.7954136087265908, -0.7836059327147638, -0.8189679811873845], [0.3503621396600778, 0.27089152573667263, 0.25253027063116207, 0.30751921108054603], [-0.7250902506045875, -0.7209707403050487, -0.7200189497527134, -0.7228694059825003], [-0.5320496487417756, -0.5109943879655532, -0.5061296839530769, -0.5206986727127116], [-0.5969842536747478, -0.5766819360167474, -0.5719911954354373, -0.5860391923183883]]
	 Recorded at 12:40PM on May 06, 2019







TRY #1 After correcting axes
Extrinsic calibration, 18 nov, session evening session, camera[pid:3][sid:2](right):
	 tvec: [-0.517140 -1.952301 -1.831929],
	 rvec: [0.072462 2.145745 2.261381]
	With errors: [[-2.214639515227944, -2.3808463610730826, -2.4192475529876987, -2.304242296362034], [1.0788920431641316, 1.0412514281068752, 1.0325547677782794, 1.058599835730817], [-0.846519225214891, -0.7954136087265908, -0.7836059327147638, -0.8189679811873845], [0.3503621396600778, 0.27089152573667263, 0.25253027063116207, 0.30751921108054603], [-0.7250902506045875, -0.7209707403050487, -0.7200189497527134, -0.7228694059825003], [-0.5320496487417756, -0.5109943879655532, -0.5061296839530769, -0.5206986727127116], [-0.5969842536747478, -0.5766819360167474, -0.5719911954354373, -0.5860391923183883]]
	 Recorded at 01:38PM on May 06, 2019

Extrinsic calibration, 18 nov, session evening session, camera[pid:3][sid:2](right):
	 tvec: [-0.517140 -1.952301 -1.831929],
	 rvec: [0.025267 -0.081104 3.091035]
	With errors: [[-2.214639515227944, -2.3808463610730826, -2.4192475529876987, -2.304242296362034], [1.0788920431641316, 1.0412514281068752, 1.0325547677782794, 1.058599835730817], [-0.846519225214891, -0.7954136087265908, -0.7836059327147638, -0.8189679811873845], [0.3503621396600778, 0.27089152573667263, 0.25253027063116207, 0.30751921108054603], [-0.7250902506045875, -0.7209707403050487, -0.7200189497527134, -0.7228694059825003], [-0.5320496487417756, -0.5109943879655532, -0.5061296839530769, -0.5206986727127116], [-0.5969842536747478, -0.5766819360167474, -0.5719911954354373, -0.5860391923183883]]
	 Recorded at 01:55PM on May 06, 2019

